\BOOKMARK [0][-]{chapter*.1}{Preface}{}% 1
\BOOKMARK [0][-]{chapter.1}{Vector\040spaces}{}% 2
\BOOKMARK [1][-]{section.1.1}{Abstract\040vector\040spaces}{chapter.1}% 3
\BOOKMARK [1][-]{section.1.2}{Subspaces}{chapter.1}% 4
\BOOKMARK [1][-]{section.1.3}{Span}{chapter.1}% 5
\BOOKMARK [1][-]{section.1.4}{Worksheet:\040understanding\040span}{chapter.1}% 6
\BOOKMARK [1][-]{section.1.5}{Linear\040Independence}{chapter.1}% 7
\BOOKMARK [1][-]{section.1.6}{Basis\040and\040dimension}{chapter.1}% 8
\BOOKMARK [0][-]{chapter.2}{Linear\040Transformations}{}% 9
\BOOKMARK [1][-]{section.2.1}{Definition\040and\040examples}{chapter.2}% 10
\BOOKMARK [1][-]{section.2.2}{Kernel\040and\040Image}{chapter.2}% 11
\BOOKMARK [1][-]{section.2.3}{Isomorphisms\040\(a.k.a.\040invertible\040linear\040maps\)}{chapter.2}% 12
\BOOKMARK [1][-]{section.2.4}{Worksheet:\040matrix\040transformations}{chapter.2}% 13
\BOOKMARK [1][-]{section.2.5}{Worksheet:\040linear\040recurrences}{chapter.2}% 14
\BOOKMARK [0][-]{chapter.3}{Orthogonality\040and\040Applications}{}% 15
\BOOKMARK [1][-]{section.3.1}{Orthogonal\040sets\040of\040vectors}{chapter.3}% 16
\BOOKMARK [1][-]{section.3.2}{Orthogonal\040Projection}{chapter.3}% 17
\BOOKMARK [1][-]{section.3.3}{Worksheet:\040dual\040basis.}{chapter.3}% 18
\BOOKMARK [0][-]{chapter.4}{Diagonalization}{}% 19
\BOOKMARK [1][-]{section.4.1}{Eigenvalues\040and\040Eigenvectors}{chapter.4}% 20
\BOOKMARK [1][-]{section.4.2}{Diagonalization\040of\040symmetric\040matrices}{chapter.4}% 21
\BOOKMARK [1][-]{section.4.3}{Quadratic\040forms}{chapter.4}% 22
\BOOKMARK [1][-]{section.4.4}{Diagonalization\040of\040complex\040matrices}{chapter.4}% 23
\BOOKMARK [1][-]{section.4.5}{Matrix\040Factorizations\040and\040Eigenvalues}{chapter.4}% 24
\BOOKMARK [1][-]{section.4.6}{Worksheet:\040Singular\040Value\040Decomposition}{chapter.4}% 25
\BOOKMARK [0][-]{chapter.5}{Change\040of\040Basis}{}% 26
\BOOKMARK [1][-]{section.5.1}{The\040matrix\040of\040a\040linear\040transformation}{chapter.5}% 27
\BOOKMARK [1][-]{section.5.2}{The\040matrix\040of\040a\040linear\040operator}{chapter.5}% 28
\BOOKMARK [1][-]{section.5.3}{Direct\040Sums\040and\040Invariant\040Subspaces}{chapter.5}% 29
\BOOKMARK [1][-]{section.5.4}{Worksheet:\040generalized\040eigenvectors}{chapter.5}% 30
\BOOKMARK [1][-]{section.5.5}{Generalized\040eigenspaces}{chapter.5}% 31
\BOOKMARK [1][-]{section.5.6}{Jordan\040Canonical\040Form}{chapter.5}% 32
\BOOKMARK [-1][-]{section*.167}{Appendices}{}% 33
\BOOKMARK [0][-]{appendix.A}{Computational\040Tools}{section*.167}% 34
\BOOKMARK [1][-]{section.A.1}{Jupyter}{appendix.A}% 35
\BOOKMARK [1][-]{section.A.2}{Python\040basics}{appendix.A}% 36
\BOOKMARK [1][-]{section.A.3}{SymPy\040for\040linear\040algebra}{appendix.A}% 37
\BOOKMARK [0][-]{appendix.B}{Solutions\040to\040Selected\040Exercises}{section*.167}% 38
